<?xml version="1.0" encoding="UTF-8"?>
<testsuite name="com.kon.JreJsonRedisTest" tests="1" skipped="0" failures="0" errors="0" timestamp="2021-12-22T01:25:07" hostname="code.local" time="0.571">
  <properties/>
  <testcase name="test1()" classname="com.kon.JreJsonRedisTest" time="0.571"/>
  <system-out><![CDATA[09:25:04.517 [Test worker] DEBUG org.springframework.test.context.BootstrapUtils - Instantiating CacheAwareContextLoaderDelegate from class [org.springframework.test.context.cache.DefaultCacheAwareContextLoaderDelegate]
09:25:04.535 [Test worker] DEBUG org.springframework.test.context.BootstrapUtils - Instantiating BootstrapContext using constructor [public org.springframework.test.context.support.DefaultBootstrapContext(java.lang.Class,org.springframework.test.context.CacheAwareContextLoaderDelegate)]
09:25:04.584 [Test worker] DEBUG org.springframework.test.context.BootstrapUtils - Instantiating TestContextBootstrapper for test class [com.kon.JreJsonRedisTest] from class [org.springframework.boot.test.context.SpringBootTestContextBootstrapper]
09:25:04.602 [Test worker] INFO org.springframework.boot.test.context.SpringBootTestContextBootstrapper - Neither @ContextConfiguration nor @ContextHierarchy found for test class [com.kon.JreJsonRedisTest], using SpringBootContextLoader
09:25:04.609 [Test worker] DEBUG org.springframework.test.context.support.AbstractContextLoader - Did not detect default resource location for test class [com.kon.JreJsonRedisTest]: class path resource [com/kon/JreJsonRedisTest-context.xml] does not exist
09:25:04.610 [Test worker] DEBUG org.springframework.test.context.support.AbstractContextLoader - Did not detect default resource location for test class [com.kon.JreJsonRedisTest]: class path resource [com/kon/JreJsonRedisTestContext.groovy] does not exist
09:25:04.610 [Test worker] INFO org.springframework.test.context.support.AbstractContextLoader - Could not detect default resource locations for test class [com.kon.JreJsonRedisTest]: no resource found for suffixes {-context.xml, Context.groovy}.
09:25:04.612 [Test worker] DEBUG org.springframework.test.context.support.AnnotationConfigContextLoaderUtils - Ignoring class [com.kon.JreJsonRedisTest$Demo]; it must be static, non-private, non-final, and annotated with @Configuration to be considered a default configuration class.
09:25:04.612 [Test worker] INFO org.springframework.test.context.support.AnnotationConfigContextLoaderUtils - Could not detect default configuration classes for test class [com.kon.JreJsonRedisTest]: JreJsonRedisTest does not declare any static, non-private, non-final, nested classes annotated with @Configuration.
09:25:04.674 [Test worker] DEBUG org.springframework.test.context.support.ActiveProfilesUtils - Could not find an 'annotation declaring class' for annotation type [org.springframework.test.context.ActiveProfiles] and class [com.kon.JreJsonRedisTest]
09:25:04.780 [Test worker] DEBUG org.springframework.context.annotation.ClassPathScanningCandidateComponentProvider - Identified candidate component class: file [/Users/kon/study/project/component-service-achieve/redis-json-achieve/build/classes/java/main/com/kon/App.class]
09:25:04.781 [Test worker] INFO org.springframework.boot.test.context.SpringBootTestContextBootstrapper - Found @SpringBootConfiguration com.kon.App for test class com.kon.JreJsonRedisTest
09:25:04.938 [Test worker] DEBUG org.springframework.boot.test.context.SpringBootTestContextBootstrapper - @TestExecutionListeners is not present for class [com.kon.JreJsonRedisTest]: using defaults.
09:25:04.939 [Test worker] INFO org.springframework.boot.test.context.SpringBootTestContextBootstrapper - Loaded default TestExecutionListener class names from location [META-INF/spring.factories]: [org.springframework.boot.test.autoconfigure.restdocs.RestDocsTestExecutionListener, org.springframework.boot.test.autoconfigure.web.client.MockRestServiceServerResetTestExecutionListener, org.springframework.boot.test.autoconfigure.web.servlet.MockMvcPrintOnlyOnFailureTestExecutionListener, org.springframework.boot.test.autoconfigure.web.servlet.WebDriverTestExecutionListener, org.springframework.boot.test.autoconfigure.webservices.client.MockWebServiceServerTestExecutionListener, org.springframework.boot.test.mock.mockito.MockitoTestExecutionListener, org.springframework.boot.test.mock.mockito.ResetMocksTestExecutionListener, org.springframework.test.context.web.ServletTestExecutionListener, org.springframework.test.context.support.DirtiesContextBeforeModesTestExecutionListener, org.springframework.test.context.event.ApplicationEventsTestExecutionListener, org.springframework.test.context.support.DependencyInjectionTestExecutionListener, org.springframework.test.context.support.DirtiesContextTestExecutionListener, org.springframework.test.context.transaction.TransactionalTestExecutionListener, org.springframework.test.context.jdbc.SqlScriptsTestExecutionListener, org.springframework.test.context.event.EventPublishingTestExecutionListener]
09:25:04.954 [Test worker] DEBUG org.springframework.boot.test.context.SpringBootTestContextBootstrapper - Skipping candidate TestExecutionListener [org.springframework.test.context.transaction.TransactionalTestExecutionListener] due to a missing dependency. Specify custom listener classes or make the default listener classes and their required dependencies available. Offending class: [org/springframework/transaction/TransactionDefinition]
09:25:04.955 [Test worker] DEBUG org.springframework.boot.test.context.SpringBootTestContextBootstrapper - Skipping candidate TestExecutionListener [org.springframework.test.context.jdbc.SqlScriptsTestExecutionListener] due to a missing dependency. Specify custom listener classes or make the default listener classes and their required dependencies available. Offending class: [org/springframework/transaction/interceptor/TransactionAttribute]
09:25:04.955 [Test worker] INFO org.springframework.boot.test.context.SpringBootTestContextBootstrapper - Using TestExecutionListeners: [org.springframework.test.context.web.ServletTestExecutionListener@1869fbd2, org.springframework.test.context.support.DirtiesContextBeforeModesTestExecutionListener@6af9fcb2, org.springframework.test.context.event.ApplicationEventsTestExecutionListener@6cce16f4, org.springframework.boot.test.mock.mockito.MockitoTestExecutionListener@7efaad5a, org.springframework.boot.test.autoconfigure.SpringBootDependencyInjectionTestExecutionListener@291a7e3c, org.springframework.test.context.support.DirtiesContextTestExecutionListener@ca30bc1, org.springframework.test.context.event.EventPublishingTestExecutionListener@1046d517, org.springframework.boot.test.autoconfigure.restdocs.RestDocsTestExecutionListener@3b7d3a38, org.springframework.boot.test.autoconfigure.web.client.MockRestServiceServerResetTestExecutionListener@416c58f5, org.springframework.boot.test.autoconfigure.web.servlet.MockMvcPrintOnlyOnFailureTestExecutionListener@5505ae1a, org.springframework.boot.test.autoconfigure.web.servlet.WebDriverTestExecutionListener@73cd37c0, org.springframework.boot.test.autoconfigure.webservices.client.MockWebServiceServerTestExecutionListener@21337f7b, org.springframework.boot.test.mock.mockito.ResetMocksTestExecutionListener@2bb3058]
09:25:04.960 [Test worker] DEBUG org.springframework.test.context.support.AbstractDirtiesContextTestExecutionListener - Before test class: context [DefaultTestContext@141e5bef testClass = JreJsonRedisTest, testInstance = [null], testMethod = [null], testException = [null], mergedContextConfiguration = [WebMergedContextConfiguration@5f9be66c testClass = JreJsonRedisTest, locations = '{}', classes = '{class com.kon.App}', contextInitializerClasses = '[]', activeProfiles = '{}', propertySourceLocations = '{}', propertySourceProperties = '{org.springframework.boot.test.context.SpringBootTestContextBootstrapper=true}', contextCustomizers = set[org.springframework.boot.test.autoconfigure.actuate.metrics.MetricsExportContextCustomizerFactory$DisableMetricExportContextCustomizer@3a7442c7, org.springframework.boot.test.autoconfigure.properties.PropertyMappingContextCustomizer@0, org.springframework.boot.test.autoconfigure.web.servlet.WebDriverContextCustomizerFactory$Customizer@5afa3c9, org.springframework.boot.test.context.filter.ExcludeFilterContextCustomizer@8458f04, org.springframework.boot.test.json.DuplicateJsonObjectContextCustomizerFactory$DuplicateJsonObjectContextCustomizer@7a35b0f5, org.springframework.boot.test.mock.mockito.MockitoContextCustomizer@0, org.springframework.boot.test.web.client.TestRestTemplateContextCustomizer@7e057f43, org.springframework.boot.test.context.SpringBootTestArgs@1, org.springframework.boot.test.context.SpringBootTestWebEnvironment@6b19b79], resourceBasePath = 'src/main/webapp', contextLoader = 'org.springframework.boot.test.context.SpringBootContextLoader', parent = [null]], attributes = map['org.springframework.test.context.web.ServletTestExecutionListener.activateListener' -> true]], class annotated with @DirtiesContext [false] with mode [null].
09:25:05.028 [Test worker] DEBUG org.springframework.boot.ApplicationServletEnvironment - Activating profiles []
09:25:05.029 [Test worker] DEBUG org.springframework.test.context.support.TestPropertySourceUtils - Adding inlined properties to environment: {spring.jmx.enabled=false, org.springframework.boot.test.context.SpringBootTestContextBootstrapper=true}

  .   ____          _            __ _ _
 /\\ / ___'_ __ _ _(_)_ __  __ _ \ \ \ \
( ( )\___ | '_ | '_| | '_ \/ _` | \ \ \ \
 \\/  ___)| |_)| | | | | || (_| |  ) ) ) )
  '  |____| .__|_| |_|_| |_\__, | / / / /
 =========|_|==============|___/=/_/_/_/
 :: Spring Boot ::                (v2.6.1)

2021-12-22 09:25:05.470  INFO 86282 --- [    Test worker] com.kon.JreJsonRedisTest                 : Starting JreJsonRedisTest using Java 1.8.0_281 on code.local with PID 86282 (started by kon in /Users/kon/study/project/component-service-achieve/redis-json-achieve)
2021-12-22 09:25:05.471  INFO 86282 --- [    Test worker] com.kon.JreJsonRedisTest                 : The following profiles are active: dev
2021-12-22 09:25:07.204  INFO 86282 --- [    Test worker] com.kon.JreJsonRedisTest                 : Started JreJsonRedisTest in 2.174 seconds (JVM running for 3.766)
{name=kon, age=13.0, zilch=null, whatevs=true, ens=43.0, val={name=KKK, age=18.0}}
]]></system-out>
  <system-err><![CDATA[]]></system-err>
</testsuite>
